[2026-05-26 13:38:26] ERROR: WhatsApp send failed {"to":"919900000103","templateName":"cp_active_perk","error":"{\"error\":{\"message\":\"Unsupported post request. Object with ID 'messages' does not exist, cannot be loaded due to missing permissions, or does not support this operation. Please read the Graph API documentation at https://developers.facebook.com/docs/graph-api\",\"type\":\"GraphMethodException\",\"code\":100,\"error_subcode\":33,\"fbtrace_id\":\"AN6IfAU9XcOXCbywd5D2m8P\"}}"}
[2026-05-26 13:55:32] ERROR: WhatsApp send failed {"to":"919900000201","templateName":"cp_inactivity_7d","error":"{\"error\":{\"message\":\"Unsupported post request. Object with ID 'messages' does not exist, cannot be loaded due to missing permissions, or does not support this operation. Please read the Graph API documentation at https://developers.facebook.com/docs/graph-api\",\"type\":\"GraphMethodException\",\"code\":100,\"error_subcode\":33,\"fbtrace_id\":\"AyUzWF95UvHBWyBBTQJ2-np\"}}"}
[2026-05-26 16:40:33] ERROR: WhatsApp send failed {"to":"919876543210","templateName":"cp_inactivity_meeting","error":"{\"error\":{\"message\":\"Unsupported post request. Object with ID 'messages' does not exist, cannot be loaded due to missing permissions, or does not support this operation. Please read the Graph API documentation at https://developers.facebook.com/docs/graph-api\",\"type\":\"GraphMethodException\",\"code\":100,\"error_subcode\":33,\"fbtrace_id\":\"Aanq7CVHRsnKSPXxvIaBYZ0\"}}"}
[2026-05-26 18:34:40] ERROR: WhatsApp send failed {"to":"919763821790","templateName":"manual","error":"{\"error\":{\"message\":\"Invalid OAuth access token - Cannot parse access token\",\"type\":\"OAuthException\",\"code\":190,\"fbtrace_id\":\"APpK9exj_8i0uJU-wi-KYJg\"}}"}
[2026-05-26 18:35:18] ERROR: WhatsApp send failed {"to":"919763821790","templateName":"manual","error":"{\"error\":{\"message\":\"Invalid OAuth access token - Cannot parse access token\",\"type\":\"OAuthException\",\"code\":190,\"fbtrace_id\":\"Ab_6qwCYA-HrY9HGkgqJ4ow\"}}"}
[2026-05-26 18:42:01] ERROR: WhatsApp send failed {"to":"919763821790","templateName":"manual","error":"sendViaMeta is not defined"}
[2026-05-26 18:43:48] ERROR: WhatsApp send failed {"to":"919763821790","templateName":"manual","error":"sendViaMeta is not defined"}
[2026-05-26 18:45:34] ERROR: WhatsApp send failed {"to":"919763821790","templateName":"manual","error":"Unknown WhatsApp provider: meta"}
[2026-05-26 19:00:02] ERROR: WhatsApp send failed {"to":"91XXXXXXXXXX","templateName":"admin_daily_summary","error":"Unknown WhatsApp provider: twilio"}
[2026-05-26 19:00:06] ERROR: WhatsApp send failed {"to":"91XXXXXXXXXX","templateName":"admin_daily_summary","error":"Unknown WhatsApp provider: twilio"}
[2026-05-26 19:00:08] ERROR: WhatsApp send failed {"to":"91XXXXXXXXXX","templateName":"admin_daily_summary","error":"Unknown WhatsApp provider: twilio"}
[2026-05-26 19:00:16] ERROR: WhatsApp send failed {"to":"919876543215","templateName":"cp_inactivity_meeting","error":"Unknown WhatsApp provider: twilio"}
[2026-05-26 19:00:17] ERROR: WhatsApp send failed {"to":"919876543216","templateName":"cp_inactivity_meeting","error":"Unknown WhatsApp provider: twilio"}
[2026-05-26 19:00:18] ERROR: WhatsApp send failed {"to":"919876543220","templateName":"cp_inactivity_meeting","error":"Unknown WhatsApp provider: twilio"}
[2026-05-26 19:00:19] ERROR: WhatsApp send failed {"to":"919876543221","templateName":"cp_inactivity_meeting","error":"Unknown WhatsApp provider: twilio"}
[2026-05-26 19:00:21] ERROR: WhatsApp send failed {"to":"919876543222","templateName":"cp_inactivity_meeting","error":"Unknown WhatsApp provider: twilio"}
[2026-05-26 19:00:22] ERROR: WhatsApp send failed {"to":"919876543224","templateName":"cp_inactivity_meeting","error":"Unknown WhatsApp provider: twilio"}
[2026-05-26 19:00:24] ERROR: WhatsApp send failed {"to":"919876543210","templateName":"cp_inactivity_meeting","error":"Unknown WhatsApp provider: twilio"}
[2026-05-26 19:00:26] ERROR: WhatsApp send failed {"to":"919876543211","templateName":"cp_inactivity_meeting","error":"Unknown WhatsApp provider: twilio"}
[2026-05-26 19:00:28] ERROR: WhatsApp send failed {"to":"919876543212","templateName":"cp_inactivity_meeting","error":"Unknown WhatsApp provider: twilio"}
[2026-05-26 19:00:29] ERROR: WhatsApp send failed {"to":"919876543214","templateName":"cp_inactivity_meeting","error":"Unknown WhatsApp provider: twilio"}
[2026-05-26 19:00:30] ERROR: WhatsApp send failed {"to":"919876543218","templateName":"cp_inactivity_meeting","error":"Unknown WhatsApp provider: twilio"}
[2026-05-26 19:00:31] ERROR: WhatsApp send failed {"to":"919876543219","templateName":"cp_inactivity_meeting","error":"Unknown WhatsApp provider: twilio"}
[2026-05-26 19:00:32] ERROR: WhatsApp send failed {"to":"919876543213","templateName":"cp_inactivity_meeting","error":"Unknown WhatsApp provider: twilio"}
[2026-05-26 19:00:34] ERROR: WhatsApp send failed {"to":"919876543217","templateName":"cp_inactivity_meeting","error":"Unknown WhatsApp provider: twilio"}
[2026-05-26 19:00:36] ERROR: WhatsApp send failed {"to":"919876543223","templateName":"cp_inactivity_meeting","error":"Unknown WhatsApp provider: twilio"}
[2026-05-26 19:00:37] ERROR: WhatsApp send failed {"to":"91XXXXXXXXXX","templateName":"admin_daily_summary","error":"Unknown WhatsApp provider: twilio"}
[2026-05-26 19:00:53] ERROR: WhatsApp send failed {"to":"919876543215","templateName":"cp_inactivity_meeting","error":"Unknown WhatsApp provider: twilio"}
[2026-05-26 19:00:56] ERROR: WhatsApp send failed {"to":"919876543216","templateName":"cp_inactivity_meeting","error":"Unknown WhatsApp provider: twilio"}
[2026-05-26 19:01:02] ERROR: WhatsApp send failed {"to":"919876543220","templateName":"cp_inactivity_meeting","error":"Unknown WhatsApp provider: twilio"}
[2026-05-26 19:01:04] ERROR: WhatsApp send failed {"to":"919876543221","templateName":"cp_inactivity_meeting","error":"Unknown WhatsApp provider: twilio"}
[2026-05-26 19:01:06] ERROR: WhatsApp send failed {"to":"919876543222","templateName":"cp_inactivity_meeting","error":"Unknown WhatsApp provider: twilio"}
[2026-05-26 19:01:07] ERROR: WhatsApp send failed {"to":"919876543224","templateName":"cp_inactivity_meeting","error":"Unknown WhatsApp provider: twilio"}
[2026-05-26 19:01:08] ERROR: WhatsApp send failed {"to":"919876543210","templateName":"cp_inactivity_meeting","error":"Unknown WhatsApp provider: twilio"}
[2026-05-26 19:01:09] ERROR: WhatsApp send failed {"to":"919876543211","templateName":"cp_inactivity_meeting","error":"Unknown WhatsApp provider: twilio"}
[2026-05-26 19:01:10] ERROR: WhatsApp send failed {"to":"919876543212","templateName":"cp_inactivity_meeting","error":"Unknown WhatsApp provider: twilio"}
[2026-05-26 19:01:11] ERROR: WhatsApp send failed {"to":"919876543214","templateName":"cp_inactivity_meeting","error":"Unknown WhatsApp provider: twilio"}
[2026-05-26 19:01:12] ERROR: WhatsApp send failed {"to":"919763821790","templateName":"cp_inactivity_meeting","error":"Unknown WhatsApp provider: twilio"}
[2026-05-26 19:01:14] ERROR: WhatsApp send failed {"to":"919876543217","templateName":"cp_inactivity_meeting","error":"Unknown WhatsApp provider: twilio"}
[2026-05-26 19:01:15] ERROR: WhatsApp send failed {"to":"919876543223","templateName":"cp_inactivity_meeting","error":"Unknown WhatsApp provider: twilio"}
[2026-05-26 19:01:16] ERROR: WhatsApp send failed {"to":"919876543218","templateName":"cp_inactivity_meeting","error":"Unknown WhatsApp provider: twilio"}
[2026-05-26 19:01:17] ERROR: WhatsApp send failed {"to":"919876543219","templateName":"cp_inactivity_meeting","error":"Unknown WhatsApp provider: twilio"}
[2026-05-26 19:01:18] ERROR: WhatsApp send failed {"to":"91XXXXXXXXXX","templateName":"admin_daily_summary","error":"Unknown WhatsApp provider: twilio"}
[2026-05-28 13:07:25] ERROR: WhatsApp send failed {"to":"919876543216","templateName":"cp_inactivity_meeting","error":"Unknown WhatsApp provider: twilio"}
[2026-05-28 13:07:26] ERROR: WhatsApp send failed {"to":"919876543220","templateName":"cp_inactivity_meeting","error":"Unknown WhatsApp provider: twilio"}
[2026-05-28 13:07:27] ERROR: WhatsApp send failed {"to":"919876543221","templateName":"cp_inactivity_meeting","error":"Unknown WhatsApp provider: twilio"}
[2026-05-28 13:07:28] ERROR: WhatsApp send failed {"to":"919876543222","templateName":"cp_inactivity_meeting","error":"Unknown WhatsApp provider: twilio"}
[2026-05-28 13:07:29] ERROR: WhatsApp send failed {"to":"919876543224","templateName":"cp_inactivity_meeting","error":"Unknown WhatsApp provider: twilio"}
[2026-05-28 13:07:30] ERROR: WhatsApp send failed {"to":"919876543210","templateName":"cp_inactivity_meeting","error":"Unknown WhatsApp provider: twilio"}
[2026-05-28 13:07:31] ERROR: WhatsApp send failed {"to":"919876543211","templateName":"cp_inactivity_meeting","error":"Unknown WhatsApp provider: twilio"}
[2026-05-28 13:07:34] ERROR: WhatsApp send failed {"to":"919876543212","templateName":"cp_inactivity_meeting","error":"Unknown WhatsApp provider: twilio"}
[2026-05-28 13:07:35] ERROR: WhatsApp send failed {"to":"919876543214","templateName":"cp_inactivity_meeting","error":"Unknown WhatsApp provider: twilio"}
[2026-05-28 13:07:36] ERROR: WhatsApp send failed {"to":"919876543217","templateName":"cp_inactivity_meeting","error":"Unknown WhatsApp provider: twilio"}
[2026-05-28 13:07:37] ERROR: WhatsApp send failed {"to":"919876543223","templateName":"cp_inactivity_meeting","error":"Unknown WhatsApp provider: twilio"}
[2026-05-28 13:07:38] ERROR: WhatsApp send failed {"to":"919356458933","templateName":"cp_inactivity_meeting","error":"Unknown WhatsApp provider: twilio"}
[2026-05-28 13:07:39] ERROR: WhatsApp send failed {"to":"919876543219","templateName":"cp_inactivity_meeting","error":"Unknown WhatsApp provider: twilio"}
[2026-05-28 13:07:40] ERROR: WhatsApp send failed {"to":"919876543218","templateName":"cp_inactivity_meeting","error":"Unknown WhatsApp provider: twilio"}
[2026-05-28 13:07:42] ERROR: WhatsApp send failed {"to":"91XXXXXXXXXX","templateName":"admin_daily_summary","error":"Unknown WhatsApp provider: twilio"}
[2026-05-28 14:53:42] ERROR: WhatsApp send failed {"to":"91XXXXXXXXXX","templateName":"admin_daily_summary","error":"Unknown WhatsApp provider: twilio"}
[2026-05-29 19:00:11] ERROR: WhatsApp send failed {"to":"919876543216","templateName":"cp_inactivity_meeting","error":"Unknown WhatsApp provider: twilio"}
[2026-05-29 19:00:12] ERROR: WhatsApp send failed {"to":"919876543220","templateName":"cp_inactivity_meeting","error":"Unknown WhatsApp provider: twilio"}
[2026-05-29 19:00:13] ERROR: WhatsApp send failed {"to":"919876543221","templateName":"cp_inactivity_meeting","error":"Unknown WhatsApp provider: twilio"}
[2026-05-29 19:00:14] ERROR: WhatsApp send failed {"to":"919876543222","templateName":"cp_inactivity_meeting","error":"Unknown WhatsApp provider: twilio"}
[2026-05-29 19:00:15] ERROR: WhatsApp send failed {"to":"919876543224","templateName":"cp_inactivity_meeting","error":"Unknown WhatsApp provider: twilio"}
[2026-05-29 19:00:16] ERROR: WhatsApp send failed {"to":"919876543210","templateName":"cp_inactivity_meeting","error":"Unknown WhatsApp provider: twilio"}
[2026-05-29 19:00:17] ERROR: WhatsApp send failed {"to":"919876543211","templateName":"cp_inactivity_meeting","error":"Unknown WhatsApp provider: twilio"}
[2026-05-29 19:00:18] ERROR: WhatsApp send failed {"to":"919876543212","templateName":"cp_inactivity_meeting","error":"Unknown WhatsApp provider: twilio"}
[2026-05-29 19:00:19] ERROR: WhatsApp send failed {"to":"919876543219","templateName":"cp_inactivity_meeting","error":"Unknown WhatsApp provider: twilio"}
[2026-05-29 19:00:20] ERROR: WhatsApp send failed {"to":"919876543217","templateName":"cp_inactivity_meeting","error":"Unknown WhatsApp provider: twilio"}
[2026-05-29 19:00:21] ERROR: WhatsApp send failed {"to":"919876543223","templateName":"cp_inactivity_meeting","error":"Unknown WhatsApp provider: twilio"}
[2026-05-29 19:00:22] ERROR: WhatsApp send failed {"to":"919876543215","templateName":"cp_inactivity_meeting","error":"Unknown WhatsApp provider: twilio"}
[2026-05-29 19:00:23] ERROR: WhatsApp send failed {"to":"919876543213","templateName":"cp_inactivity_meeting","error":"Unknown WhatsApp provider: twilio"}
[2026-05-29 19:00:24] ERROR: WhatsApp send failed {"to":"919876543214","templateName":"cp_inactivity_meeting","error":"Unknown WhatsApp provider: twilio"}
[2026-05-29 19:00:25] ERROR: WhatsApp send failed {"to":"919876543218","templateName":"cp_inactivity_meeting","error":"Unknown WhatsApp provider: twilio"}
[2026-05-29 19:00:27] ERROR: WhatsApp send failed {"to":"91XXXXXXXXXX","templateName":"admin_daily_summary","error":"Unknown WhatsApp provider: twilio"}
[2026-05-29 19:00:30] ERROR: WhatsApp send failed {"to":"91XXXXXXXXXX","templateName":"admin_daily_summary","error":"Unknown WhatsApp provider: twilio"}
[2026-05-29 19:00:38] ERROR: WhatsApp send failed {"to":"919876543220","templateName":"cp_inactivity_meeting","error":"Unknown WhatsApp provider: twilio"}
[2026-05-29 19:00:39] ERROR: WhatsApp send failed {"to":"919876543221","templateName":"cp_inactivity_meeting","error":"Unknown WhatsApp provider: twilio"}
[2026-05-29 19:00:40] ERROR: WhatsApp send failed {"to":"919876543224","templateName":"cp_inactivity_meeting","error":"Unknown WhatsApp provider: twilio"}
[2026-05-29 19:00:41] ERROR: WhatsApp send failed {"to":"919876543210","templateName":"cp_inactivity_meeting","error":"Unknown WhatsApp provider: twilio"}
[2026-05-29 19:00:42] ERROR: WhatsApp send failed {"to":"919876543211","templateName":"cp_inactivity_meeting","error":"Unknown WhatsApp provider: twilio"}
[2026-05-29 19:00:43] ERROR: WhatsApp send failed {"to":"919876543212","templateName":"cp_inactivity_meeting","error":"Unknown WhatsApp provider: twilio"}
[2026-05-29 19:00:44] ERROR: WhatsApp send failed {"to":"919876543216","templateName":"cp_inactivity_meeting","error":"Unknown WhatsApp provider: twilio"}
[2026-05-29 19:00:45] ERROR: WhatsApp send failed {"to":"919876543222","templateName":"cp_inactivity_meeting","error":"Unknown WhatsApp provider: twilio"}
[2026-05-29 19:00:46] ERROR: WhatsApp send failed {"to":"919876543214","templateName":"cp_inactivity_meeting","error":"Unknown WhatsApp provider: twilio"}
[2026-05-29 19:00:47] ERROR: WhatsApp send failed {"to":"919876543217","templateName":"cp_inactivity_meeting","error":"Unknown WhatsApp provider: twilio"}
[2026-05-29 19:00:48] ERROR: WhatsApp send failed {"to":"919876543223","templateName":"cp_inactivity_meeting","error":"Unknown WhatsApp provider: twilio"}
[2026-05-29 19:00:49] ERROR: WhatsApp send failed {"to":"919356458933","templateName":"cp_inactivity_meeting","error":"Unknown WhatsApp provider: twilio"}
[2026-05-29 19:00:50] ERROR: WhatsApp send failed {"to":"919876543219","templateName":"cp_inactivity_meeting","error":"Unknown WhatsApp provider: twilio"}
[2026-05-29 19:00:51] ERROR: WhatsApp send failed {"to":"919876543218","templateName":"cp_inactivity_meeting","error":"Unknown WhatsApp provider: twilio"}
[2026-05-29 19:00:53] ERROR: WhatsApp send failed {"to":"91XXXXXXXXXX","templateName":"admin_daily_summary","error":"Unknown WhatsApp provider: twilio"}
[2026-05-29 19:00:56] ERROR: WhatsApp send failed {"to":"91XXXXXXXXXX","templateName":"admin_daily_summary","error":"Unknown WhatsApp provider: twilio"}
[2026-05-29 19:01:00] ERROR: WhatsApp send failed {"to":"91XXXXXXXXXX","templateName":"admin_daily_summary","error":"Unknown WhatsApp provider: twilio"}
